Backend error message
---------------------
AttemptID:attempt_1426197789776_0592_m_000000_0 Info:Container killed by the ApplicationMaster.
Container killed on request. Exit code is 143

Backend error message
---------------------
AttemptID:attempt_1426197789776_0592_m_000000_1 Info:Container killed by the ApplicationMaster.

Backend error message
---------------------
AttemptID:attempt_1426197789776_0592_m_000001_0 Info:Container killed by the ApplicationMaster.
Container killed on request. Exit code is 143

Backend error message
---------------------
AttemptID:attempt_1426197789776_0592_r_000000_0 Info:Error: org.apache.pig.backend.executionengine.ExecException: ERROR 0: Exception while executing [POUserFunc (Name: POUserFunc(org.apache.pig.impl.builtin.StreamingUDF)[chararray] - scope-113 Operator Key: scope-113) children: null at []]: java.lang.NullPointerException
	at org.apache.pig.backend.hadoop.executionengine.physicalLayer.PhysicalOperator.getNext(PhysicalOperator.java:339)
	at org.apache.pig.backend.hadoop.executionengine.physicalLayer.relationalOperators.POForEach.processPlan(POForEach.java:378)
	at org.apache.pig.backend.hadoop.executionengine.physicalLayer.relationalOperators.POForEach.getNextTuple(POForEach.java:298)
	at org.apache.pig.backend.hadoop.executionengine.mapReduceLayer.PigGenericMapReduce$Reduce.runPipeline(PigGenericMapReduce.java:463)
	at org.apache.pig.backend.hadoop.executionengine.mapReduceLayer.PigGenericMapReduce$Reduce.processOnePackageOutput(PigGenericMapReduce.java:431)
	at org.apache.pig.backend.hadoop.executionengine.mapReduceLayer.PigGenericMapReduce$Reduce.reduce(PigGenericMapReduce.java:403)
	at org.apache.pig.backend.hadoop.executionengine.mapReduceLayer.PigGenericMapReduce$Reduce.reduce(PigGenericMapReduce.java:255)
	at org.apache.hadoop.mapreduce.Reducer.run(Reducer.java:171)
	at org.apache.hadoop.mapred.ReduceTask.runNewReducer(ReduceTask.java:645)
	at org.apache.hadoop.mapred.ReduceTask.run(ReduceTask.java:405)
	at org.apache.hadoop.mapred.YarnChild$2.run(YarnChild.java:162)
	at java.security.AccessController.doPrivileged(Native Method)
	at javax.security.auth.Subject.doAs(Subject.java:415)
	at org.apache.hadoop.security.UserGroupInformation.doAs(UserGroupInformation.java:1491)
	at org.apache.hadoop.mapred.YarnChild.main(YarnChild.java:157)
Caused by: java.lang.NullPointerException
	at org.apache.pig.impl.builtin.StreamingUDF.getControllerPath(StreamingUDF.java:269)
	at org.apache.pig.impl.builtin.StreamingUDF.constructCommand(StreamingUDF.java:200)
	at org.apache.pig.impl.builtin.StreamingUDF.startUdfController(StreamingUDF.java:164)
	at org.apache.pig.impl.builtin.StreamingUDF.initialize(StreamingUDF.java:157)
	at org.apache.pig.impl.builtin.StreamingUDF.exec(StreamingUDF.java:147)
	at org.apache.pig.backend.hadoop.executionengine.physicalLayer.expressionOperators.POUserFunc.getNext(POUserFunc.java:345)
	at org.apache.pig.backend.hadoop.executionengine.physicalLayer.expressionOperators.POUserFunc.getNextString(POUserFunc.java:445)
	at org.apache.pig.backend.hadoop.executionengine.physicalLayer.PhysicalOperator.getNext(PhysicalOperator.java:316)
	... 14 more

Backend error message
---------------------
AttemptID:attempt_1426197789776_0592_r_000000_0 Info:Container killed by the ApplicationMaster.
Container killed on request. Exit code is 143

Backend error message
---------------------
AttemptID:attempt_1426197789776_0592_r_000000_1 Info:Error: org.apache.pig.backend.executionengine.ExecException: ERROR 0: Exception while executing [POUserFunc (Name: POUserFunc(org.apache.pig.impl.builtin.StreamingUDF)[chararray] - scope-113 Operator Key: scope-113) children: null at []]: java.lang.NullPointerException
	at org.apache.pig.backend.hadoop.executionengine.physicalLayer.PhysicalOperator.getNext(PhysicalOperator.java:339)
	at org.apache.pig.backend.hadoop.executionengine.physicalLayer.relationalOperators.POForEach.processPlan(POForEach.java:378)
	at org.apache.pig.backend.hadoop.executionengine.physicalLayer.relationalOperators.POForEach.getNextTuple(POForEach.java:298)
	at org.apache.pig.backend.hadoop.executionengine.mapReduceLayer.PigGenericMapReduce$Reduce.runPipeline(PigGenericMapReduce.java:463)
	at org.apache.pig.backend.hadoop.executionengine.mapReduceLayer.PigGenericMapReduce$Reduce.processOnePackageOutput(PigGenericMapReduce.java:431)
	at org.apache.pig.backend.hadoop.executionengine.mapReduceLayer.PigGenericMapReduce$Reduce.reduce(PigGenericMapReduce.java:403)
	at org.apache.pig.backend.hadoop.executionengine.mapReduceLayer.PigGenericMapReduce$Reduce.reduce(PigGenericMapReduce.java:255)
	at org.apache.hadoop.mapreduce.Reducer.run(Reducer.java:171)
	at org.apache.hadoop.mapred.ReduceTask.runNewReducer(ReduceTask.java:645)
	at org.apache.hadoop.mapred.ReduceTask.run(ReduceTask.java:405)
	at org.apache.hadoop.mapred.YarnChild$2.run(YarnChild.java:162)
	at java.security.AccessController.doPrivileged(Native Method)
	at javax.security.auth.Subject.doAs(Subject.java:415)
	at org.apache.hadoop.security.UserGroupInformation.doAs(UserGroupInformation.java:1491)
	at org.apache.hadoop.mapred.YarnChild.main(YarnChild.java:157)
Caused by: java.lang.NullPointerException
	at org.apache.pig.impl.builtin.StreamingUDF.getControllerPath(StreamingUDF.java:269)
	at org.apache.pig.impl.builtin.StreamingUDF.constructCommand(StreamingUDF.java:200)
	at org.apache.pig.impl.builtin.StreamingUDF.startUdfController(StreamingUDF.java:164)
	at org.apache.pig.impl.builtin.StreamingUDF.initialize(StreamingUDF.java:157)
	at org.apache.pig.impl.builtin.StreamingUDF.exec(StreamingUDF.java:147)
	at org.apache.pig.backend.hadoop.executionengine.physicalLayer.expressionOperators.POUserFunc.getNext(POUserFunc.java:345)
	at org.apache.pig.backend.hadoop.executionengine.physicalLayer.expressionOperators.POUserFunc.getNextString(POUserFunc.java:445)
	at org.apache.pig.backend.hadoop.executionengine.physicalLayer.PhysicalOperator.getNext(PhysicalOperator.java:316)
	... 14 more

Backend error message
---------------------
AttemptID:attempt_1426197789776_0592_r_000000_1 Info:Container killed by the ApplicationMaster.
Container killed on request. Exit code is 143

Backend error message
---------------------
AttemptID:attempt_1426197789776_0592_r_000000_2 Info:Error: org.apache.pig.backend.executionengine.ExecException: ERROR 0: Exception while executing [POUserFunc (Name: POUserFunc(org.apache.pig.impl.builtin.StreamingUDF)[chararray] - scope-113 Operator Key: scope-113) children: null at []]: java.lang.NullPointerException
	at org.apache.pig.backend.hadoop.executionengine.physicalLayer.PhysicalOperator.getNext(PhysicalOperator.java:339)
	at org.apache.pig.backend.hadoop.executionengine.physicalLayer.relationalOperators.POForEach.processPlan(POForEach.java:378)
	at org.apache.pig.backend.hadoop.executionengine.physicalLayer.relationalOperators.POForEach.getNextTuple(POForEach.java:298)
	at org.apache.pig.backend.hadoop.executionengine.mapReduceLayer.PigGenericMapReduce$Reduce.runPipeline(PigGenericMapReduce.java:463)
	at org.apache.pig.backend.hadoop.executionengine.mapReduceLayer.PigGenericMapReduce$Reduce.processOnePackageOutput(PigGenericMapReduce.java:431)
	at org.apache.pig.backend.hadoop.executionengine.mapReduceLayer.PigGenericMapReduce$Reduce.reduce(PigGenericMapReduce.java:403)
	at org.apache.pig.backend.hadoop.executionengine.mapReduceLayer.PigGenericMapReduce$Reduce.reduce(PigGenericMapReduce.java:255)
	at org.apache.hadoop.mapreduce.Reducer.run(Reducer.java:171)
	at org.apache.hadoop.mapred.ReduceTask.runNewReducer(ReduceTask.java:645)
	at org.apache.hadoop.mapred.ReduceTask.run(ReduceTask.java:405)
	at org.apache.hadoop.mapred.YarnChild$2.run(YarnChild.java:162)
	at java.security.AccessController.doPrivileged(Native Method)
	at javax.security.auth.Subject.doAs(Subject.java:415)
	at org.apache.hadoop.security.UserGroupInformation.doAs(UserGroupInformation.java:1491)
	at org.apache.hadoop.mapred.YarnChild.main(YarnChild.java:157)
Caused by: java.lang.NullPointerException
	at org.apache.pig.impl.builtin.StreamingUDF.getControllerPath(StreamingUDF.java:269)
	at org.apache.pig.impl.builtin.StreamingUDF.constructCommand(StreamingUDF.java:200)
	at org.apache.pig.impl.builtin.StreamingUDF.startUdfController(StreamingUDF.java:164)
	at org.apache.pig.impl.builtin.StreamingUDF.initialize(StreamingUDF.java:157)
	at org.apache.pig.impl.builtin.StreamingUDF.exec(StreamingUDF.java:147)
	at org.apache.pig.backend.hadoop.executionengine.physicalLayer.expressionOperators.POUserFunc.getNext(POUserFunc.java:345)
	at org.apache.pig.backend.hadoop.executionengine.physicalLayer.expressionOperators.POUserFunc.getNextString(POUserFunc.java:445)
	at org.apache.pig.backend.hadoop.executionengine.physicalLayer.PhysicalOperator.getNext(PhysicalOperator.java:316)
	... 14 more

Backend error message
---------------------
AttemptID:attempt_1426197789776_0592_r_000000_2 Info:Container killed by the ApplicationMaster.
Container killed on request. Exit code is 143

Backend error message
---------------------
AttemptID:attempt_1426197789776_0592_r_000000_3 Info:Error: org.apache.pig.backend.executionengine.ExecException: ERROR 0: Exception while executing [POUserFunc (Name: POUserFunc(org.apache.pig.impl.builtin.StreamingUDF)[chararray] - scope-113 Operator Key: scope-113) children: null at []]: java.lang.NullPointerException
	at org.apache.pig.backend.hadoop.executionengine.physicalLayer.PhysicalOperator.getNext(PhysicalOperator.java:339)
	at org.apache.pig.backend.hadoop.executionengine.physicalLayer.relationalOperators.POForEach.processPlan(POForEach.java:378)
	at org.apache.pig.backend.hadoop.executionengine.physicalLayer.relationalOperators.POForEach.getNextTuple(POForEach.java:298)
	at org.apache.pig.backend.hadoop.executionengine.mapReduceLayer.PigGenericMapReduce$Reduce.runPipeline(PigGenericMapReduce.java:463)
	at org.apache.pig.backend.hadoop.executionengine.mapReduceLayer.PigGenericMapReduce$Reduce.processOnePackageOutput(PigGenericMapReduce.java:431)
	at org.apache.pig.backend.hadoop.executionengine.mapReduceLayer.PigGenericMapReduce$Reduce.reduce(PigGenericMapReduce.java:403)
	at org.apache.pig.backend.hadoop.executionengine.mapReduceLayer.PigGenericMapReduce$Reduce.reduce(PigGenericMapReduce.java:255)
	at org.apache.hadoop.mapreduce.Reducer.run(Reducer.java:171)
	at org.apache.hadoop.mapred.ReduceTask.runNewReducer(ReduceTask.java:645)
	at org.apache.hadoop.mapred.ReduceTask.run(ReduceTask.java:405)
	at org.apache.hadoop.mapred.YarnChild$2.run(YarnChild.java:162)
	at java.security.AccessController.doPrivileged(Native Method)
	at javax.security.auth.Subject.doAs(Subject.java:415)
	at org.apache.hadoop.security.UserGroupInformation.doAs(UserGroupInformation.java:1491)
	at org.apache.hadoop.mapred.YarnChild.main(YarnChild.java:157)
Caused by: java.lang.NullPointerException
	at org.apache.pig.impl.builtin.StreamingUDF.getControllerPath(StreamingUDF.java:269)
	at org.apache.pig.impl.builtin.StreamingUDF.constructCommand(StreamingUDF.java:200)
	at org.apache.pig.impl.builtin.StreamingUDF.startUdfController(StreamingUDF.java:164)
	at org.apache.pig.impl.builtin.StreamingUDF.initialize(StreamingUDF.java:157)
	at org.apache.pig.impl.builtin.StreamingUDF.exec(StreamingUDF.java:147)
	at org.apache.pig.backend.hadoop.executionengine.physicalLayer.expressionOperators.POUserFunc.getNext(POUserFunc.java:345)
	at org.apache.pig.backend.hadoop.executionengine.physicalLayer.expressionOperators.POUserFunc.getNextString(POUserFunc.java:445)
	at org.apache.pig.backend.hadoop.executionengine.physicalLayer.PhysicalOperator.getNext(PhysicalOperator.java:316)
	... 14 more

Error message from task (reduce) task_1426197789776_0592_r_000000
-----------------------------------------------------------------
ERROR 0: Exception while executing [POUserFunc (Name: POUserFunc(org.apache.pig.impl.builtin.StreamingUDF)[chararray] - scope-113 Operator Key: scope-113) children: null at []]: java.lang.NullPointerException

org.apache.pig.backend.executionengine.ExecException: ERROR 0: Exception while executing [POUserFunc (Name: POUserFunc(org.apache.pig.impl.builtin.StreamingUDF)[chararray] - scope-113 Operator Key: scope-113) children: null at []]: java.lang.NullPointerException
	at org.apache.pig.backend.hadoop.executionengine.physicalLayer.PhysicalOperator.getNext(PhysicalOperator.java:339)
	at org.apache.pig.backend.hadoop.executionengine.physicalLayer.relationalOperators.POForEach.processPlan(POForEach.java:378)
	at org.apache.pig.backend.hadoop.executionengine.physicalLayer.relationalOperators.POForEach.getNextTuple(POForEach.java:298)
	at org.apache.pig.backend.hadoop.executionengine.mapReduceLayer.PigGenericMapReduce$Reduce.runPipeline(PigGenericMapReduce.java:463)
	at org.apache.pig.backend.hadoop.executionengine.mapReduceLayer.PigGenericMapReduce$Reduce.processOnePackageOutput(PigGenericMapReduce.java:431)
	at org.apache.pig.backend.hadoop.executionengine.mapReduceLayer.PigGenericMapReduce$Reduce.reduce(PigGenericMapReduce.java:403)
	at org.apache.pig.backend.hadoop.executionengine.mapReduceLayer.PigGenericMapReduce$Reduce.reduce(PigGenericMapReduce.java:255)
	at org.apache.hadoop.mapreduce.Reducer.run(Reducer.java:171)
	at org.apache.hadoop.mapred.ReduceTask.runNewReducer(ReduceTask.java:645)
	at org.apache.hadoop.mapred.ReduceTask.run(ReduceTask.java:405)
	at org.apache.hadoop.mapred.YarnChild$2.run(YarnChild.java:162)
	at java.security.AccessController.doPrivileged(Native Method)
	at javax.security.auth.Subject.doAs(Subject.java:415)
	at org.apache.hadoop.security.UserGroupInformation.doAs(UserGroupInformation.java:1491)
	at org.apache.hadoop.mapred.YarnChild.main(YarnChild.java:157)
Caused by: java.lang.NullPointerException
	at org.apache.pig.impl.builtin.StreamingUDF.getControllerPath(StreamingUDF.java:269)
	at org.apache.pig.impl.builtin.StreamingUDF.constructCommand(StreamingUDF.java:200)
	at org.apache.pig.impl.builtin.StreamingUDF.startUdfController(StreamingUDF.java:164)
	at org.apache.pig.impl.builtin.StreamingUDF.initialize(StreamingUDF.java:157)
	at org.apache.pig.impl.builtin.StreamingUDF.exec(StreamingUDF.java:147)
	at org.apache.pig.backend.hadoop.executionengine.physicalLayer.expressionOperators.POUserFunc.getNext(POUserFunc.java:345)
	at org.apache.pig.backend.hadoop.executionengine.physicalLayer.expressionOperators.POUserFunc.getNextString(POUserFunc.java:445)
	at org.apache.pig.backend.hadoop.executionengine.physicalLayer.PhysicalOperator.getNext(PhysicalOperator.java:316)
================================================================================
Error message from task (reduce) task_1426197789776_0592_r_000000
-----------------------------------------------------------------
ERROR 0: Exception while executing [POUserFunc (Name: POUserFunc(org.apache.pig.impl.builtin.StreamingUDF)[chararray] - scope-113 Operator Key: scope-113) children: null at []]: java.lang.NullPointerException

org.apache.pig.backend.executionengine.ExecException: ERROR 0: Exception while executing [POUserFunc (Name: POUserFunc(org.apache.pig.impl.builtin.StreamingUDF)[chararray] - scope-113 Operator Key: scope-113) children: null at []]: java.lang.NullPointerException
	at org.apache.pig.backend.hadoop.executionengine.physicalLayer.PhysicalOperator.getNext(PhysicalOperator.java:339)
	at org.apache.pig.backend.hadoop.executionengine.physicalLayer.relationalOperators.POForEach.processPlan(POForEach.java:378)
	at org.apache.pig.backend.hadoop.executionengine.physicalLayer.relationalOperators.POForEach.getNextTuple(POForEach.java:298)
	at org.apache.pig.backend.hadoop.executionengine.mapReduceLayer.PigGenericMapReduce$Reduce.runPipeline(PigGenericMapReduce.java:463)
	at org.apache.pig.backend.hadoop.executionengine.mapReduceLayer.PigGenericMapReduce$Reduce.processOnePackageOutput(PigGenericMapReduce.java:431)
	at org.apache.pig.backend.hadoop.executionengine.mapReduceLayer.PigGenericMapReduce$Reduce.reduce(PigGenericMapReduce.java:403)
	at org.apache.pig.backend.hadoop.executionengine.mapReduceLayer.PigGenericMapReduce$Reduce.reduce(PigGenericMapReduce.java:255)
	at org.apache.hadoop.mapreduce.Reducer.run(Reducer.java:171)
	at org.apache.hadoop.mapred.ReduceTask.runNewReducer(ReduceTask.java:645)
	at org.apache.hadoop.mapred.ReduceTask.run(ReduceTask.java:405)
	at org.apache.hadoop.mapred.YarnChild$2.run(YarnChild.java:162)
	at java.security.AccessController.doPrivileged(Native Method)
	at javax.security.auth.Subject.doAs(Subject.java:415)
	at org.apache.hadoop.security.UserGroupInformation.doAs(UserGroupInformation.java:1491)
	at org.apache.hadoop.mapred.YarnChild.main(YarnChild.java:157)
Caused by: java.lang.NullPointerException
	at org.apache.pig.impl.builtin.StreamingUDF.getControllerPath(StreamingUDF.java:269)
	at org.apache.pig.impl.builtin.StreamingUDF.constructCommand(StreamingUDF.java:200)
	at org.apache.pig.impl.builtin.StreamingUDF.startUdfController(StreamingUDF.java:164)
	at org.apache.pig.impl.builtin.StreamingUDF.initialize(StreamingUDF.java:157)
	at org.apache.pig.impl.builtin.StreamingUDF.exec(StreamingUDF.java:147)
	at org.apache.pig.backend.hadoop.executionengine.physicalLayer.expressionOperators.POUserFunc.getNext(POUserFunc.java:345)
	at org.apache.pig.backend.hadoop.executionengine.physicalLayer.expressionOperators.POUserFunc.getNextString(POUserFunc.java:445)
	at org.apache.pig.backend.hadoop.executionengine.physicalLayer.PhysicalOperator.getNext(PhysicalOperator.java:316)
================================================================================
Error message from task (reduce) task_1426197789776_0592_r_000000
-----------------------------------------------------------------
ERROR 0: Exception while executing [POUserFunc (Name: POUserFunc(org.apache.pig.impl.builtin.StreamingUDF)[chararray] - scope-113 Operator Key: scope-113) children: null at []]: java.lang.NullPointerException

org.apache.pig.backend.executionengine.ExecException: ERROR 0: Exception while executing [POUserFunc (Name: POUserFunc(org.apache.pig.impl.builtin.StreamingUDF)[chararray] - scope-113 Operator Key: scope-113) children: null at []]: java.lang.NullPointerException
	at org.apache.pig.backend.hadoop.executionengine.physicalLayer.PhysicalOperator.getNext(PhysicalOperator.java:339)
	at org.apache.pig.backend.hadoop.executionengine.physicalLayer.relationalOperators.POForEach.processPlan(POForEach.java:378)
	at org.apache.pig.backend.hadoop.executionengine.physicalLayer.relationalOperators.POForEach.getNextTuple(POForEach.java:298)
	at org.apache.pig.backend.hadoop.executionengine.mapReduceLayer.PigGenericMapReduce$Reduce.runPipeline(PigGenericMapReduce.java:463)
	at org.apache.pig.backend.hadoop.executionengine.mapReduceLayer.PigGenericMapReduce$Reduce.processOnePackageOutput(PigGenericMapReduce.java:431)
	at org.apache.pig.backend.hadoop.executionengine.mapReduceLayer.PigGenericMapReduce$Reduce.reduce(PigGenericMapReduce.java:403)
	at org.apache.pig.backend.hadoop.executionengine.mapReduceLayer.PigGenericMapReduce$Reduce.reduce(PigGenericMapReduce.java:255)
	at org.apache.hadoop.mapreduce.Reducer.run(Reducer.java:171)
	at org.apache.hadoop.mapred.ReduceTask.runNewReducer(ReduceTask.java:645)
	at org.apache.hadoop.mapred.ReduceTask.run(ReduceTask.java:405)
	at org.apache.hadoop.mapred.YarnChild$2.run(YarnChild.java:162)
	at java.security.AccessController.doPrivileged(Native Method)
	at javax.security.auth.Subject.doAs(Subject.java:415)
	at org.apache.hadoop.security.UserGroupInformation.doAs(UserGroupInformation.java:1491)
	at org.apache.hadoop.mapred.YarnChild.main(YarnChild.java:157)
Caused by: java.lang.NullPointerException
	at org.apache.pig.impl.builtin.StreamingUDF.getControllerPath(StreamingUDF.java:269)
	at org.apache.pig.impl.builtin.StreamingUDF.constructCommand(StreamingUDF.java:200)
	at org.apache.pig.impl.builtin.StreamingUDF.startUdfController(StreamingUDF.java:164)
	at org.apache.pig.impl.builtin.StreamingUDF.initialize(StreamingUDF.java:157)
	at org.apache.pig.impl.builtin.StreamingUDF.exec(StreamingUDF.java:147)
	at org.apache.pig.backend.hadoop.executionengine.physicalLayer.expressionOperators.POUserFunc.getNext(POUserFunc.java:345)
	at org.apache.pig.backend.hadoop.executionengine.physicalLayer.expressionOperators.POUserFunc.getNextString(POUserFunc.java:445)
	at org.apache.pig.backend.hadoop.executionengine.physicalLayer.PhysicalOperator.getNext(PhysicalOperator.java:316)
================================================================================
Error message from task (reduce) task_1426197789776_0592_r_000000
-----------------------------------------------------------------
ERROR 0: Exception while executing [POUserFunc (Name: POUserFunc(org.apache.pig.impl.builtin.StreamingUDF)[chararray] - scope-113 Operator Key: scope-113) children: null at []]: java.lang.NullPointerException

org.apache.pig.backend.executionengine.ExecException: ERROR 0: Exception while executing [POUserFunc (Name: POUserFunc(org.apache.pig.impl.builtin.StreamingUDF)[chararray] - scope-113 Operator Key: scope-113) children: null at []]: java.lang.NullPointerException
	at org.apache.pig.backend.hadoop.executionengine.physicalLayer.PhysicalOperator.getNext(PhysicalOperator.java:339)
	at org.apache.pig.backend.hadoop.executionengine.physicalLayer.relationalOperators.POForEach.processPlan(POForEach.java:378)
	at org.apache.pig.backend.hadoop.executionengine.physicalLayer.relationalOperators.POForEach.getNextTuple(POForEach.java:298)
	at org.apache.pig.backend.hadoop.executionengine.mapReduceLayer.PigGenericMapReduce$Reduce.runPipeline(PigGenericMapReduce.java:463)
	at org.apache.pig.backend.hadoop.executionengine.mapReduceLayer.PigGenericMapReduce$Reduce.processOnePackageOutput(PigGenericMapReduce.java:431)
	at org.apache.pig.backend.hadoop.executionengine.mapReduceLayer.PigGenericMapReduce$Reduce.reduce(PigGenericMapReduce.java:403)
	at org.apache.pig.backend.hadoop.executionengine.mapReduceLayer.PigGenericMapReduce$Reduce.reduce(PigGenericMapReduce.java:255)
	at org.apache.hadoop.mapreduce.Reducer.run(Reducer.java:171)
	at org.apache.hadoop.mapred.ReduceTask.runNewReducer(ReduceTask.java:645)
	at org.apache.hadoop.mapred.ReduceTask.run(ReduceTask.java:405)
	at org.apache.hadoop.mapred.YarnChild$2.run(YarnChild.java:162)
	at java.security.AccessController.doPrivileged(Native Method)
	at javax.security.auth.Subject.doAs(Subject.java:415)
	at org.apache.hadoop.security.UserGroupInformation.doAs(UserGroupInformation.java:1491)
	at org.apache.hadoop.mapred.YarnChild.main(YarnChild.java:157)
Caused by: java.lang.NullPointerException
	at org.apache.pig.impl.builtin.StreamingUDF.getControllerPath(StreamingUDF.java:269)
	at org.apache.pig.impl.builtin.StreamingUDF.constructCommand(StreamingUDF.java:200)
	at org.apache.pig.impl.builtin.StreamingUDF.startUdfController(StreamingUDF.java:164)
	at org.apache.pig.impl.builtin.StreamingUDF.initialize(StreamingUDF.java:157)
	at org.apache.pig.impl.builtin.StreamingUDF.exec(StreamingUDF.java:147)
	at org.apache.pig.backend.hadoop.executionengine.physicalLayer.expressionOperators.POUserFunc.getNext(POUserFunc.java:345)
	at org.apache.pig.backend.hadoop.executionengine.physicalLayer.expressionOperators.POUserFunc.getNextString(POUserFunc.java:445)
	at org.apache.pig.backend.hadoop.executionengine.physicalLayer.PhysicalOperator.getNext(PhysicalOperator.java:316)
================================================================================
Pig Stack Trace
---------------
ERROR 1066: Unable to open iterator for alias min_alltable. Backend error : org.apache.pig.backend.executionengine.ExecException: ERROR 0: Exception while executing [POUserFunc (Name: POUserFunc(org.apache.pig.impl.builtin.StreamingUDF)[chararray] - scope-113 Operator Key: scope-113) children: null at []]: java.lang.NullPointerException

org.apache.pig.impl.logicalLayer.FrontendException: ERROR 1066: Unable to open iterator for alias min_alltable. Backend error : org.apache.pig.backend.executionengine.ExecException: ERROR 0: Exception while executing [POUserFunc (Name: POUserFunc(org.apache.pig.impl.builtin.StreamingUDF)[chararray] - scope-113 Operator Key: scope-113) children: null at []]: java.lang.NullPointerException
	at org.apache.pig.PigServer.openIterator(PigServer.java:902)
	at org.apache.pig.tools.grunt.GruntParser.processDump(GruntParser.java:752)
	at org.apache.pig.tools.pigscript.parser.PigScriptParser.parse(PigScriptParser.java:372)
	at org.apache.pig.tools.grunt.GruntParser.parseStopOnError(GruntParser.java:228)
	at org.apache.pig.tools.grunt.GruntParser.parseStopOnError(GruntParser.java:203)
	at org.apache.pig.tools.grunt.Grunt.run(Grunt.java:66)
	at org.apache.pig.Main.run(Main.java:542)
	at org.apache.pig.Main.main(Main.java:156)
	at sun.reflect.NativeMethodAccessorImpl.invoke0(Native Method)
	at sun.reflect.NativeMethodAccessorImpl.invoke(NativeMethodAccessorImpl.java:57)
	at sun.reflect.DelegatingMethodAccessorImpl.invoke(DelegatingMethodAccessorImpl.java:43)
	at java.lang.reflect.Method.invoke(Method.java:601)
	at org.apache.hadoop.util.RunJar.main(RunJar.java:212)
Caused by: org.apache.pig.backend.executionengine.ExecException: ERROR 0: org.apache.pig.backend.executionengine.ExecException: ERROR 0: Exception while executing [POUserFunc (Name: POUserFunc(org.apache.pig.impl.builtin.StreamingUDF)[chararray] - scope-113 Operator Key: scope-113) children: null at []]: java.lang.NullPointerException
	at org.apache.pig.backend.hadoop.executionengine.mapReduceLayer.MapReduceLauncher.getStats(MapReduceLauncher.java:819)
	at org.apache.pig.backend.hadoop.executionengine.mapReduceLayer.MapReduceLauncher.launchPig(MapReduceLauncher.java:456)
	at org.apache.pig.backend.hadoop.executionengine.HExecutionEngine.launchPig(HExecutionEngine.java:277)
	at org.apache.pig.PigServer.launchPlan(PigServer.java:1367)
	at org.apache.pig.PigServer.executeCompiledLogicalPlan(PigServer.java:1352)
	at org.apache.pig.PigServer.storeEx(PigServer.java:1011)
	at org.apache.pig.PigServer.store(PigServer.java:974)
	at org.apache.pig.PigServer.openIterator(PigServer.java:887)
	... 12 more
Caused by: org.apache.pig.backend.executionengine.ExecException: ERROR 0: Exception while executing [POUserFunc (Name: POUserFunc(org.apache.pig.impl.builtin.StreamingUDF)[chararray] - scope-113 Operator Key: scope-113) children: null at []]: java.lang.NullPointerException
	at org.apache.pig.backend.hadoop.executionengine.physicalLayer.PhysicalOperator.getNext(PhysicalOperator.java:339)
	at org.apache.pig.backend.hadoop.executionengine.physicalLayer.relationalOperators.POForEach.processPlan(POForEach.java:378)
	at org.apache.pig.backend.hadoop.executionengine.physicalLayer.relationalOperators.POForEach.getNextTuple(POForEach.java:298)
	at org.apache.pig.backend.hadoop.executionengine.mapReduceLayer.PigGenericMapReduce$Reduce.runPipeline(PigGenericMapReduce.java:463)
	at org.apache.pig.backend.hadoop.executionengine.mapReduceLayer.PigGenericMapReduce$Reduce.processOnePackageOutput(PigGenericMapReduce.java:431)
	at org.apache.pig.backend.hadoop.executionengine.mapReduceLayer.PigGenericMapReduce$Reduce.reduce(PigGenericMapReduce.java:403)
	at org.apache.pig.backend.hadoop.executionengine.mapReduceLayer.PigGenericMapReduce$Reduce.reduce(PigGenericMapReduce.java:255)
	at org.apache.hadoop.mapreduce.Reducer.run(Reducer.java:171)
	at org.apache.hadoop.mapred.ReduceTask.runNewReducer(ReduceTask.java:645)
	at org.apache.hadoop.mapred.ReduceTask.run(ReduceTask.java:405)
	at org.apache.hadoop.mapred.YarnChild$2.run(YarnChild.java:162)
	at java.security.AccessController.doPrivileged(Native Method)
	at javax.security.auth.Subject.doAs(Subject.java:415)
	at org.apache.hadoop.security.UserGroupInformation.doAs(UserGroupInformation.java:1491)
	at org.apache.hadoop.mapred.YarnChild.main(YarnChild.java:157)
Caused by: java.lang.NullPointerException
	at org.apache.pig.impl.builtin.StreamingUDF.getControllerPath(StreamingUDF.java:269)
	at org.apache.pig.impl.builtin.StreamingUDF.constructCommand(StreamingUDF.java:200)
	at org.apache.pig.impl.builtin.StreamingUDF.startUdfController(StreamingUDF.java:164)
	at org.apache.pig.impl.builtin.StreamingUDF.initialize(StreamingUDF.java:157)
	at org.apache.pig.impl.builtin.StreamingUDF.exec(StreamingUDF.java:147)
	at org.apache.pig.backend.hadoop.executionengine.physicalLayer.expressionOperators.POUserFunc.getNext(POUserFunc.java:345)
	at org.apache.pig.backend.hadoop.executionengine.physicalLayer.expressionOperators.POUserFunc.getNextString(POUserFunc.java:445)
	at org.apache.pig.backend.hadoop.executionengine.physicalLayer.PhysicalOperator.getNext(PhysicalOperator.java:316)
================================================================================
Pig Stack Trace
---------------
ERROR 1003: Unable to find an operator for alias alltables

org.apache.pig.impl.logicalLayer.FrontendException: ERROR 1003: Unable to find an operator for alias alltables
	at org.apache.pig.PigServer$Graph.buildPlan(PigServer.java:1521)
	at org.apache.pig.PigServer.storeEx(PigServer.java:1006)
	at org.apache.pig.PigServer.store(PigServer.java:974)
	at org.apache.pig.PigServer.openIterator(PigServer.java:887)
	at org.apache.pig.tools.grunt.GruntParser.processDump(GruntParser.java:752)
	at org.apache.pig.tools.pigscript.parser.PigScriptParser.parse(PigScriptParser.java:372)
	at org.apache.pig.tools.grunt.GruntParser.parseStopOnError(GruntParser.java:228)
	at org.apache.pig.tools.grunt.GruntParser.parseStopOnError(GruntParser.java:203)
	at org.apache.pig.tools.grunt.Grunt.run(Grunt.java:66)
	at org.apache.pig.Main.run(Main.java:542)
	at org.apache.pig.Main.main(Main.java:156)
	at sun.reflect.NativeMethodAccessorImpl.invoke0(Native Method)
	at sun.reflect.NativeMethodAccessorImpl.invoke(NativeMethodAccessorImpl.java:57)
	at sun.reflect.DelegatingMethodAccessorImpl.invoke(DelegatingMethodAccessorImpl.java:43)
	at java.lang.reflect.Method.invoke(Method.java:601)
	at org.apache.hadoop.util.RunJar.main(RunJar.java:212)
================================================================================
Pig Stack Trace
---------------
ERROR 1003: Unable to find an operator for alias alltables

org.apache.pig.impl.logicalLayer.FrontendException: ERROR 1003: Unable to find an operator for alias alltables
	at org.apache.pig.PigServer$Graph.buildPlan(PigServer.java:1521)
	at org.apache.pig.PigServer.storeEx(PigServer.java:1006)
	at org.apache.pig.PigServer.store(PigServer.java:974)
	at org.apache.pig.PigServer.openIterator(PigServer.java:887)
	at org.apache.pig.tools.grunt.GruntParser.processDump(GruntParser.java:752)
	at org.apache.pig.tools.pigscript.parser.PigScriptParser.parse(PigScriptParser.java:372)
	at org.apache.pig.tools.grunt.GruntParser.parseStopOnError(GruntParser.java:228)
	at org.apache.pig.tools.grunt.GruntParser.parseStopOnError(GruntParser.java:203)
	at org.apache.pig.tools.grunt.Grunt.run(Grunt.java:66)
	at org.apache.pig.Main.run(Main.java:542)
	at org.apache.pig.Main.main(Main.java:156)
	at sun.reflect.NativeMethodAccessorImpl.invoke0(Native Method)
	at sun.reflect.NativeMethodAccessorImpl.invoke(NativeMethodAccessorImpl.java:57)
	at sun.reflect.DelegatingMethodAccessorImpl.invoke(DelegatingMethodAccessorImpl.java:43)
	at java.lang.reflect.Method.invoke(Method.java:601)
	at org.apache.hadoop.util.RunJar.main(RunJar.java:212)
================================================================================
Backend error message
---------------------
AttemptID:attempt_1426197789776_0595_m_000001_0 Info:Container killed by the ApplicationMaster.
Container killed on request. Exit code is 143

Backend error message
---------------------
AttemptID:attempt_1426197789776_0595_m_000000_0 Info:Container killed by the ApplicationMaster.
Container killed on request. Exit code is 143

Backend error message
---------------------
AttemptID:attempt_1426197789776_0595_m_000000_1 Info:Container killed by the ApplicationMaster.
Container killed on request. Exit code is 143

Backend error message
---------------------
AttemptID:attempt_1426197789776_0595_r_000000_0 Info:Error: org.apache.pig.backend.executionengine.ExecException: ERROR 0: Exception while executing [POUserFunc (Name: POUserFunc(org.apache.pig.impl.builtin.StreamingUDF)[chararray] - scope-421 Operator Key: scope-421) children: null at []]: java.lang.NullPointerException
	at org.apache.pig.backend.hadoop.executionengine.physicalLayer.PhysicalOperator.getNext(PhysicalOperator.java:339)
	at org.apache.pig.backend.hadoop.executionengine.physicalLayer.relationalOperators.POForEach.processPlan(POForEach.java:378)
	at org.apache.pig.backend.hadoop.executionengine.physicalLayer.relationalOperators.POForEach.getNextTuple(POForEach.java:298)
	at org.apache.pig.backend.hadoop.executionengine.mapReduceLayer.PigGenericMapReduce$Reduce.runPipeline(PigGenericMapReduce.java:463)
	at org.apache.pig.backend.hadoop.executionengine.mapReduceLayer.PigGenericMapReduce$Reduce.processOnePackageOutput(PigGenericMapReduce.java:431)
	at org.apache.pig.backend.hadoop.executionengine.mapReduceLayer.PigGenericMapReduce$Reduce.reduce(PigGenericMapReduce.java:403)
	at org.apache.pig.backend.hadoop.executionengine.mapReduceLayer.PigGenericMapReduce$Reduce.reduce(PigGenericMapReduce.java:255)
	at org.apache.hadoop.mapreduce.Reducer.run(Reducer.java:171)
	at org.apache.hadoop.mapred.ReduceTask.runNewReducer(ReduceTask.java:645)
	at org.apache.hadoop.mapred.ReduceTask.run(ReduceTask.java:405)
	at org.apache.hadoop.mapred.YarnChild$2.run(YarnChild.java:162)
	at java.security.AccessController.doPrivileged(Native Method)
	at javax.security.auth.Subject.doAs(Subject.java:415)
	at org.apache.hadoop.security.UserGroupInformation.doAs(UserGroupInformation.java:1491)
	at org.apache.hadoop.mapred.YarnChild.main(YarnChild.java:157)
Caused by: java.lang.NullPointerException
	at org.apache.pig.impl.builtin.StreamingUDF.getControllerPath(StreamingUDF.java:269)
	at org.apache.pig.impl.builtin.StreamingUDF.constructCommand(StreamingUDF.java:200)
	at org.apache.pig.impl.builtin.StreamingUDF.startUdfController(StreamingUDF.java:164)
	at org.apache.pig.impl.builtin.StreamingUDF.initialize(StreamingUDF.java:157)
	at org.apache.pig.impl.builtin.StreamingUDF.exec(StreamingUDF.java:147)
	at org.apache.pig.backend.hadoop.executionengine.physicalLayer.expressionOperators.POUserFunc.getNext(POUserFunc.java:345)
	at org.apache.pig.backend.hadoop.executionengine.physicalLayer.expressionOperators.POUserFunc.getNextString(POUserFunc.java:445)
	at org.apache.pig.backend.hadoop.executionengine.physicalLayer.PhysicalOperator.getNext(PhysicalOperator.java:316)
	... 14 more

Backend error message
---------------------
AttemptID:attempt_1426197789776_0595_r_000000_0 Info:Container killed by the ApplicationMaster.
Container killed on request. Exit code is 143

Backend error message
---------------------
AttemptID:attempt_1426197789776_0595_r_000000_1 Info:Error: org.apache.pig.backend.executionengine.ExecException: ERROR 0: Exception while executing [POUserFunc (Name: POUserFunc(org.apache.pig.impl.builtin.StreamingUDF)[chararray] - scope-421 Operator Key: scope-421) children: null at []]: java.lang.NullPointerException
	at org.apache.pig.backend.hadoop.executionengine.physicalLayer.PhysicalOperator.getNext(PhysicalOperator.java:339)
	at org.apache.pig.backend.hadoop.executionengine.physicalLayer.relationalOperators.POForEach.processPlan(POForEach.java:378)
	at org.apache.pig.backend.hadoop.executionengine.physicalLayer.relationalOperators.POForEach.getNextTuple(POForEach.java:298)
	at org.apache.pig.backend.hadoop.executionengine.mapReduceLayer.PigGenericMapReduce$Reduce.runPipeline(PigGenericMapReduce.java:463)
	at org.apache.pig.backend.hadoop.executionengine.mapReduceLayer.PigGenericMapReduce$Reduce.processOnePackageOutput(PigGenericMapReduce.java:431)
	at org.apache.pig.backend.hadoop.executionengine.mapReduceLayer.PigGenericMapReduce$Reduce.reduce(PigGenericMapReduce.java:403)
	at org.apache.pig.backend.hadoop.executionengine.mapReduceLayer.PigGenericMapReduce$Reduce.reduce(PigGenericMapReduce.java:255)
	at org.apache.hadoop.mapreduce.Reducer.run(Reducer.java:171)
	at org.apache.hadoop.mapred.ReduceTask.runNewReducer(ReduceTask.java:645)
	at org.apache.hadoop.mapred.ReduceTask.run(ReduceTask.java:405)
	at org.apache.hadoop.mapred.YarnChild$2.run(YarnChild.java:162)
	at java.security.AccessController.doPrivileged(Native Method)
	at javax.security.auth.Subject.doAs(Subject.java:415)
	at org.apache.hadoop.security.UserGroupInformation.doAs(UserGroupInformation.java:1491)
	at org.apache.hadoop.mapred.YarnChild.main(YarnChild.java:157)
Caused by: java.lang.NullPointerException
	at org.apache.pig.impl.builtin.StreamingUDF.getControllerPath(StreamingUDF.java:269)
	at org.apache.pig.impl.builtin.StreamingUDF.constructCommand(StreamingUDF.java:200)
	at org.apache.pig.impl.builtin.StreamingUDF.startUdfController(StreamingUDF.java:164)
	at org.apache.pig.impl.builtin.StreamingUDF.initialize(StreamingUDF.java:157)
	at org.apache.pig.impl.builtin.StreamingUDF.exec(StreamingUDF.java:147)
	at org.apache.pig.backend.hadoop.executionengine.physicalLayer.expressionOperators.POUserFunc.getNext(POUserFunc.java:345)
	at org.apache.pig.backend.hadoop.executionengine.physicalLayer.expressionOperators.POUserFunc.getNextString(POUserFunc.java:445)
	at org.apache.pig.backend.hadoop.executionengine.physicalLayer.PhysicalOperator.getNext(PhysicalOperator.java:316)
	... 14 more

Backend error message
---------------------
AttemptID:attempt_1426197789776_0595_r_000000_1 Info:Container killed by the ApplicationMaster.
Container killed on request. Exit code is 143

Backend error message
---------------------
AttemptID:attempt_1426197789776_0595_r_000000_2 Info:Error: org.apache.pig.backend.executionengine.ExecException: ERROR 0: Exception while executing [POUserFunc (Name: POUserFunc(org.apache.pig.impl.builtin.StreamingUDF)[chararray] - scope-421 Operator Key: scope-421) children: null at []]: java.lang.NullPointerException
	at org.apache.pig.backend.hadoop.executionengine.physicalLayer.PhysicalOperator.getNext(PhysicalOperator.java:339)
	at org.apache.pig.backend.hadoop.executionengine.physicalLayer.relationalOperators.POForEach.processPlan(POForEach.java:378)
	at org.apache.pig.backend.hadoop.executionengine.physicalLayer.relationalOperators.POForEach.getNextTuple(POForEach.java:298)
	at org.apache.pig.backend.hadoop.executionengine.mapReduceLayer.PigGenericMapReduce$Reduce.runPipeline(PigGenericMapReduce.java:463)
	at org.apache.pig.backend.hadoop.executionengine.mapReduceLayer.PigGenericMapReduce$Reduce.processOnePackageOutput(PigGenericMapReduce.java:431)
	at org.apache.pig.backend.hadoop.executionengine.mapReduceLayer.PigGenericMapReduce$Reduce.reduce(PigGenericMapReduce.java:403)
	at org.apache.pig.backend.hadoop.executionengine.mapReduceLayer.PigGenericMapReduce$Reduce.reduce(PigGenericMapReduce.java:255)
	at org.apache.hadoop.mapreduce.Reducer.run(Reducer.java:171)
	at org.apache.hadoop.mapred.ReduceTask.runNewReducer(ReduceTask.java:645)
	at org.apache.hadoop.mapred.ReduceTask.run(ReduceTask.java:405)
	at org.apache.hadoop.mapred.YarnChild$2.run(YarnChild.java:162)
	at java.security.AccessController.doPrivileged(Native Method)
	at javax.security.auth.Subject.doAs(Subject.java:415)
	at org.apache.hadoop.security.UserGroupInformation.doAs(UserGroupInformation.java:1491)
	at org.apache.hadoop.mapred.YarnChild.main(YarnChild.java:157)
Caused by: java.lang.NullPointerException
	at org.apache.pig.impl.builtin.StreamingUDF.getControllerPath(StreamingUDF.java:269)
	at org.apache.pig.impl.builtin.StreamingUDF.constructCommand(StreamingUDF.java:200)
	at org.apache.pig.impl.builtin.StreamingUDF.startUdfController(StreamingUDF.java:164)
	at org.apache.pig.impl.builtin.StreamingUDF.initialize(StreamingUDF.java:157)
	at org.apache.pig.impl.builtin.StreamingUDF.exec(StreamingUDF.java:147)
	at org.apache.pig.backend.hadoop.executionengine.physicalLayer.expressionOperators.POUserFunc.getNext(POUserFunc.java:345)
	at org.apache.pig.backend.hadoop.executionengine.physicalLayer.expressionOperators.POUserFunc.getNextString(POUserFunc.java:445)
	at org.apache.pig.backend.hadoop.executionengine.physicalLayer.PhysicalOperator.getNext(PhysicalOperator.java:316)
	... 14 more

Backend error message
---------------------
AttemptID:attempt_1426197789776_0595_r_000000_2 Info:Container killed by the ApplicationMaster.
Container killed on request. Exit code is 143

Backend error message
---------------------
AttemptID:attempt_1426197789776_0595_r_000000_3 Info:Error: org.apache.pig.backend.executionengine.ExecException: ERROR 0: Exception while executing [POUserFunc (Name: POUserFunc(org.apache.pig.impl.builtin.StreamingUDF)[chararray] - scope-421 Operator Key: scope-421) children: null at []]: java.lang.NullPointerException
	at org.apache.pig.backend.hadoop.executionengine.physicalLayer.PhysicalOperator.getNext(PhysicalOperator.java:339)
	at org.apache.pig.backend.hadoop.executionengine.physicalLayer.relationalOperators.POForEach.processPlan(POForEach.java:378)
	at org.apache.pig.backend.hadoop.executionengine.physicalLayer.relationalOperators.POForEach.getNextTuple(POForEach.java:298)
	at org.apache.pig.backend.hadoop.executionengine.mapReduceLayer.PigGenericMapReduce$Reduce.runPipeline(PigGenericMapReduce.java:463)
	at org.apache.pig.backend.hadoop.executionengine.mapReduceLayer.PigGenericMapReduce$Reduce.processOnePackageOutput(PigGenericMapReduce.java:431)
	at org.apache.pig.backend.hadoop.executionengine.mapReduceLayer.PigGenericMapReduce$Reduce.reduce(PigGenericMapReduce.java:403)
	at org.apache.pig.backend.hadoop.executionengine.mapReduceLayer.PigGenericMapReduce$Reduce.reduce(PigGenericMapReduce.java:255)
	at org.apache.hadoop.mapreduce.Reducer.run(Reducer.java:171)
	at org.apache.hadoop.mapred.ReduceTask.runNewReducer(ReduceTask.java:645)
	at org.apache.hadoop.mapred.ReduceTask.run(ReduceTask.java:405)
	at org.apache.hadoop.mapred.YarnChild$2.run(YarnChild.java:162)
	at java.security.AccessController.doPrivileged(Native Method)
	at javax.security.auth.Subject.doAs(Subject.java:415)
	at org.apache.hadoop.security.UserGroupInformation.doAs(UserGroupInformation.java:1491)
	at org.apache.hadoop.mapred.YarnChild.main(YarnChild.java:157)
Caused by: java.lang.NullPointerException
	at org.apache.pig.impl.builtin.StreamingUDF.getControllerPath(StreamingUDF.java:269)
	at org.apache.pig.impl.builtin.StreamingUDF.constructCommand(StreamingUDF.java:200)
	at org.apache.pig.impl.builtin.StreamingUDF.startUdfController(StreamingUDF.java:164)
	at org.apache.pig.impl.builtin.StreamingUDF.initialize(StreamingUDF.java:157)
	at org.apache.pig.impl.builtin.StreamingUDF.exec(StreamingUDF.java:147)
	at org.apache.pig.backend.hadoop.executionengine.physicalLayer.expressionOperators.POUserFunc.getNext(POUserFunc.java:345)
	at org.apache.pig.backend.hadoop.executionengine.physicalLayer.expressionOperators.POUserFunc.getNextString(POUserFunc.java:445)
	at org.apache.pig.backend.hadoop.executionengine.physicalLayer.PhysicalOperator.getNext(PhysicalOperator.java:316)
	... 14 more

Error message from task (reduce) task_1426197789776_0595_r_000000
-----------------------------------------------------------------
ERROR 0: Exception while executing [POUserFunc (Name: POUserFunc(org.apache.pig.impl.builtin.StreamingUDF)[chararray] - scope-421 Operator Key: scope-421) children: null at []]: java.lang.NullPointerException

org.apache.pig.backend.executionengine.ExecException: ERROR 0: Exception while executing [POUserFunc (Name: POUserFunc(org.apache.pig.impl.builtin.StreamingUDF)[chararray] - scope-421 Operator Key: scope-421) children: null at []]: java.lang.NullPointerException
	at org.apache.pig.backend.hadoop.executionengine.physicalLayer.PhysicalOperator.getNext(PhysicalOperator.java:339)
	at org.apache.pig.backend.hadoop.executionengine.physicalLayer.relationalOperators.POForEach.processPlan(POForEach.java:378)
	at org.apache.pig.backend.hadoop.executionengine.physicalLayer.relationalOperators.POForEach.getNextTuple(POForEach.java:298)
	at org.apache.pig.backend.hadoop.executionengine.mapReduceLayer.PigGenericMapReduce$Reduce.runPipeline(PigGenericMapReduce.java:463)
	at org.apache.pig.backend.hadoop.executionengine.mapReduceLayer.PigGenericMapReduce$Reduce.processOnePackageOutput(PigGenericMapReduce.java:431)
	at org.apache.pig.backend.hadoop.executionengine.mapReduceLayer.PigGenericMapReduce$Reduce.reduce(PigGenericMapReduce.java:403)
	at org.apache.pig.backend.hadoop.executionengine.mapReduceLayer.PigGenericMapReduce$Reduce.reduce(PigGenericMapReduce.java:255)
	at org.apache.hadoop.mapreduce.Reducer.run(Reducer.java:171)
	at org.apache.hadoop.mapred.ReduceTask.runNewReducer(ReduceTask.java:645)
	at org.apache.hadoop.mapred.ReduceTask.run(ReduceTask.java:405)
	at org.apache.hadoop.mapred.YarnChild$2.run(YarnChild.java:162)
	at java.security.AccessController.doPrivileged(Native Method)
	at javax.security.auth.Subject.doAs(Subject.java:415)
	at org.apache.hadoop.security.UserGroupInformation.doAs(UserGroupInformation.java:1491)
	at org.apache.hadoop.mapred.YarnChild.main(YarnChild.java:157)
Caused by: java.lang.NullPointerException
	at org.apache.pig.impl.builtin.StreamingUDF.getControllerPath(StreamingUDF.java:269)
	at org.apache.pig.impl.builtin.StreamingUDF.constructCommand(StreamingUDF.java:200)
	at org.apache.pig.impl.builtin.StreamingUDF.startUdfController(StreamingUDF.java:164)
	at org.apache.pig.impl.builtin.StreamingUDF.initialize(StreamingUDF.java:157)
	at org.apache.pig.impl.builtin.StreamingUDF.exec(StreamingUDF.java:147)
	at org.apache.pig.backend.hadoop.executionengine.physicalLayer.expressionOperators.POUserFunc.getNext(POUserFunc.java:345)
	at org.apache.pig.backend.hadoop.executionengine.physicalLayer.expressionOperators.POUserFunc.getNextString(POUserFunc.java:445)
	at org.apache.pig.backend.hadoop.executionengine.physicalLayer.PhysicalOperator.getNext(PhysicalOperator.java:316)
================================================================================
Error message from task (reduce) task_1426197789776_0595_r_000000
-----------------------------------------------------------------
ERROR 0: Exception while executing [POUserFunc (Name: POUserFunc(org.apache.pig.impl.builtin.StreamingUDF)[chararray] - scope-421 Operator Key: scope-421) children: null at []]: java.lang.NullPointerException

org.apache.pig.backend.executionengine.ExecException: ERROR 0: Exception while executing [POUserFunc (Name: POUserFunc(org.apache.pig.impl.builtin.StreamingUDF)[chararray] - scope-421 Operator Key: scope-421) children: null at []]: java.lang.NullPointerException
	at org.apache.pig.backend.hadoop.executionengine.physicalLayer.PhysicalOperator.getNext(PhysicalOperator.java:339)
	at org.apache.pig.backend.hadoop.executionengine.physicalLayer.relationalOperators.POForEach.processPlan(POForEach.java:378)
	at org.apache.pig.backend.hadoop.executionengine.physicalLayer.relationalOperators.POForEach.getNextTuple(POForEach.java:298)
	at org.apache.pig.backend.hadoop.executionengine.mapReduceLayer.PigGenericMapReduce$Reduce.runPipeline(PigGenericMapReduce.java:463)
	at org.apache.pig.backend.hadoop.executionengine.mapReduceLayer.PigGenericMapReduce$Reduce.processOnePackageOutput(PigGenericMapReduce.java:431)
	at org.apache.pig.backend.hadoop.executionengine.mapReduceLayer.PigGenericMapReduce$Reduce.reduce(PigGenericMapReduce.java:403)
	at org.apache.pig.backend.hadoop.executionengine.mapReduceLayer.PigGenericMapReduce$Reduce.reduce(PigGenericMapReduce.java:255)
	at org.apache.hadoop.mapreduce.Reducer.run(Reducer.java:171)
	at org.apache.hadoop.mapred.ReduceTask.runNewReducer(ReduceTask.java:645)
	at org.apache.hadoop.mapred.ReduceTask.run(ReduceTask.java:405)
	at org.apache.hadoop.mapred.YarnChild$2.run(YarnChild.java:162)
	at java.security.AccessController.doPrivileged(Native Method)
	at javax.security.auth.Subject.doAs(Subject.java:415)
	at org.apache.hadoop.security.UserGroupInformation.doAs(UserGroupInformation.java:1491)
	at org.apache.hadoop.mapred.YarnChild.main(YarnChild.java:157)
Caused by: java.lang.NullPointerException
	at org.apache.pig.impl.builtin.StreamingUDF.getControllerPath(StreamingUDF.java:269)
	at org.apache.pig.impl.builtin.StreamingUDF.constructCommand(StreamingUDF.java:200)
	at org.apache.pig.impl.builtin.StreamingUDF.startUdfController(StreamingUDF.java:164)
	at org.apache.pig.impl.builtin.StreamingUDF.initialize(StreamingUDF.java:157)
	at org.apache.pig.impl.builtin.StreamingUDF.exec(StreamingUDF.java:147)
	at org.apache.pig.backend.hadoop.executionengine.physicalLayer.expressionOperators.POUserFunc.getNext(POUserFunc.java:345)
	at org.apache.pig.backend.hadoop.executionengine.physicalLayer.expressionOperators.POUserFunc.getNextString(POUserFunc.java:445)
	at org.apache.pig.backend.hadoop.executionengine.physicalLayer.PhysicalOperator.getNext(PhysicalOperator.java:316)
================================================================================
Error message from task (reduce) task_1426197789776_0595_r_000000
-----------------------------------------------------------------
ERROR 0: Exception while executing [POUserFunc (Name: POUserFunc(org.apache.pig.impl.builtin.StreamingUDF)[chararray] - scope-421 Operator Key: scope-421) children: null at []]: java.lang.NullPointerException

org.apache.pig.backend.executionengine.ExecException: ERROR 0: Exception while executing [POUserFunc (Name: POUserFunc(org.apache.pig.impl.builtin.StreamingUDF)[chararray] - scope-421 Operator Key: scope-421) children: null at []]: java.lang.NullPointerException
	at org.apache.pig.backend.hadoop.executionengine.physicalLayer.PhysicalOperator.getNext(PhysicalOperator.java:339)
	at org.apache.pig.backend.hadoop.executionengine.physicalLayer.relationalOperators.POForEach.processPlan(POForEach.java:378)
	at org.apache.pig.backend.hadoop.executionengine.physicalLayer.relationalOperators.POForEach.getNextTuple(POForEach.java:298)
	at org.apache.pig.backend.hadoop.executionengine.mapReduceLayer.PigGenericMapReduce$Reduce.runPipeline(PigGenericMapReduce.java:463)
	at org.apache.pig.backend.hadoop.executionengine.mapReduceLayer.PigGenericMapReduce$Reduce.processOnePackageOutput(PigGenericMapReduce.java:431)
	at org.apache.pig.backend.hadoop.executionengine.mapReduceLayer.PigGenericMapReduce$Reduce.reduce(PigGenericMapReduce.java:403)
	at org.apache.pig.backend.hadoop.executionengine.mapReduceLayer.PigGenericMapReduce$Reduce.reduce(PigGenericMapReduce.java:255)
	at org.apache.hadoop.mapreduce.Reducer.run(Reducer.java:171)
	at org.apache.hadoop.mapred.ReduceTask.runNewReducer(ReduceTask.java:645)
	at org.apache.hadoop.mapred.ReduceTask.run(ReduceTask.java:405)
	at org.apache.hadoop.mapred.YarnChild$2.run(YarnChild.java:162)
	at java.security.AccessController.doPrivileged(Native Method)
	at javax.security.auth.Subject.doAs(Subject.java:415)
	at org.apache.hadoop.security.UserGroupInformation.doAs(UserGroupInformation.java:1491)
	at org.apache.hadoop.mapred.YarnChild.main(YarnChild.java:157)
Caused by: java.lang.NullPointerException
	at org.apache.pig.impl.builtin.StreamingUDF.getControllerPath(StreamingUDF.java:269)
	at org.apache.pig.impl.builtin.StreamingUDF.constructCommand(StreamingUDF.java:200)
	at org.apache.pig.impl.builtin.StreamingUDF.startUdfController(StreamingUDF.java:164)
	at org.apache.pig.impl.builtin.StreamingUDF.initialize(StreamingUDF.java:157)
	at org.apache.pig.impl.builtin.StreamingUDF.exec(StreamingUDF.java:147)
	at org.apache.pig.backend.hadoop.executionengine.physicalLayer.expressionOperators.POUserFunc.getNext(POUserFunc.java:345)
	at org.apache.pig.backend.hadoop.executionengine.physicalLayer.expressionOperators.POUserFunc.getNextString(POUserFunc.java:445)
	at org.apache.pig.backend.hadoop.executionengine.physicalLayer.PhysicalOperator.getNext(PhysicalOperator.java:316)
================================================================================
Error message from task (reduce) task_1426197789776_0595_r_000000
-----------------------------------------------------------------
ERROR 0: Exception while executing [POUserFunc (Name: POUserFunc(org.apache.pig.impl.builtin.StreamingUDF)[chararray] - scope-421 Operator Key: scope-421) children: null at []]: java.lang.NullPointerException

org.apache.pig.backend.executionengine.ExecException: ERROR 0: Exception while executing [POUserFunc (Name: POUserFunc(org.apache.pig.impl.builtin.StreamingUDF)[chararray] - scope-421 Operator Key: scope-421) children: null at []]: java.lang.NullPointerException
	at org.apache.pig.backend.hadoop.executionengine.physicalLayer.PhysicalOperator.getNext(PhysicalOperator.java:339)
	at org.apache.pig.backend.hadoop.executionengine.physicalLayer.relationalOperators.POForEach.processPlan(POForEach.java:378)
	at org.apache.pig.backend.hadoop.executionengine.physicalLayer.relationalOperators.POForEach.getNextTuple(POForEach.java:298)
	at org.apache.pig.backend.hadoop.executionengine.mapReduceLayer.PigGenericMapReduce$Reduce.runPipeline(PigGenericMapReduce.java:463)
	at org.apache.pig.backend.hadoop.executionengine.mapReduceLayer.PigGenericMapReduce$Reduce.processOnePackageOutput(PigGenericMapReduce.java:431)
	at org.apache.pig.backend.hadoop.executionengine.mapReduceLayer.PigGenericMapReduce$Reduce.reduce(PigGenericMapReduce.java:403)
	at org.apache.pig.backend.hadoop.executionengine.mapReduceLayer.PigGenericMapReduce$Reduce.reduce(PigGenericMapReduce.java:255)
	at org.apache.hadoop.mapreduce.Reducer.run(Reducer.java:171)
	at org.apache.hadoop.mapred.ReduceTask.runNewReducer(ReduceTask.java:645)
	at org.apache.hadoop.mapred.ReduceTask.run(ReduceTask.java:405)
	at org.apache.hadoop.mapred.YarnChild$2.run(YarnChild.java:162)
	at java.security.AccessController.doPrivileged(Native Method)
	at javax.security.auth.Subject.doAs(Subject.java:415)
	at org.apache.hadoop.security.UserGroupInformation.doAs(UserGroupInformation.java:1491)
	at org.apache.hadoop.mapred.YarnChild.main(YarnChild.java:157)
Caused by: java.lang.NullPointerException
	at org.apache.pig.impl.builtin.StreamingUDF.getControllerPath(StreamingUDF.java:269)
	at org.apache.pig.impl.builtin.StreamingUDF.constructCommand(StreamingUDF.java:200)
	at org.apache.pig.impl.builtin.StreamingUDF.startUdfController(StreamingUDF.java:164)
	at org.apache.pig.impl.builtin.StreamingUDF.initialize(StreamingUDF.java:157)
	at org.apache.pig.impl.builtin.StreamingUDF.exec(StreamingUDF.java:147)
	at org.apache.pig.backend.hadoop.executionengine.physicalLayer.expressionOperators.POUserFunc.getNext(POUserFunc.java:345)
	at org.apache.pig.backend.hadoop.executionengine.physicalLayer.expressionOperators.POUserFunc.getNextString(POUserFunc.java:445)
	at org.apache.pig.backend.hadoop.executionengine.physicalLayer.PhysicalOperator.getNext(PhysicalOperator.java:316)
================================================================================
Pig Stack Trace
---------------
ERROR 1066: Unable to open iterator for alias min_alltable. Backend error : org.apache.pig.backend.executionengine.ExecException: ERROR 0: Exception while executing [POUserFunc (Name: POUserFunc(org.apache.pig.impl.builtin.StreamingUDF)[chararray] - scope-421 Operator Key: scope-421) children: null at []]: java.lang.NullPointerException

org.apache.pig.impl.logicalLayer.FrontendException: ERROR 1066: Unable to open iterator for alias min_alltable. Backend error : org.apache.pig.backend.executionengine.ExecException: ERROR 0: Exception while executing [POUserFunc (Name: POUserFunc(org.apache.pig.impl.builtin.StreamingUDF)[chararray] - scope-421 Operator Key: scope-421) children: null at []]: java.lang.NullPointerException
	at org.apache.pig.PigServer.openIterator(PigServer.java:902)
	at org.apache.pig.tools.grunt.GruntParser.processDump(GruntParser.java:752)
	at org.apache.pig.tools.pigscript.parser.PigScriptParser.parse(PigScriptParser.java:372)
	at org.apache.pig.tools.grunt.GruntParser.parseStopOnError(GruntParser.java:228)
	at org.apache.pig.tools.grunt.GruntParser.parseStopOnError(GruntParser.java:203)
	at org.apache.pig.tools.grunt.Grunt.run(Grunt.java:66)
	at org.apache.pig.Main.run(Main.java:542)
	at org.apache.pig.Main.main(Main.java:156)
	at sun.reflect.NativeMethodAccessorImpl.invoke0(Native Method)
	at sun.reflect.NativeMethodAccessorImpl.invoke(NativeMethodAccessorImpl.java:57)
	at sun.reflect.DelegatingMethodAccessorImpl.invoke(DelegatingMethodAccessorImpl.java:43)
	at java.lang.reflect.Method.invoke(Method.java:601)
	at org.apache.hadoop.util.RunJar.main(RunJar.java:212)
Caused by: org.apache.pig.backend.executionengine.ExecException: ERROR 0: org.apache.pig.backend.executionengine.ExecException: ERROR 0: Exception while executing [POUserFunc (Name: POUserFunc(org.apache.pig.impl.builtin.StreamingUDF)[chararray] - scope-421 Operator Key: scope-421) children: null at []]: java.lang.NullPointerException
	at org.apache.pig.backend.hadoop.executionengine.mapReduceLayer.MapReduceLauncher.getStats(MapReduceLauncher.java:819)
	at org.apache.pig.backend.hadoop.executionengine.mapReduceLayer.MapReduceLauncher.launchPig(MapReduceLauncher.java:456)
	at org.apache.pig.backend.hadoop.executionengine.HExecutionEngine.launchPig(HExecutionEngine.java:277)
	at org.apache.pig.PigServer.launchPlan(PigServer.java:1367)
	at org.apache.pig.PigServer.executeCompiledLogicalPlan(PigServer.java:1352)
	at org.apache.pig.PigServer.storeEx(PigServer.java:1011)
	at org.apache.pig.PigServer.store(PigServer.java:974)
	at org.apache.pig.PigServer.openIterator(PigServer.java:887)
	... 12 more
Caused by: org.apache.pig.backend.executionengine.ExecException: ERROR 0: Exception while executing [POUserFunc (Name: POUserFunc(org.apache.pig.impl.builtin.StreamingUDF)[chararray] - scope-421 Operator Key: scope-421) children: null at []]: java.lang.NullPointerException
	at org.apache.pig.backend.hadoop.executionengine.physicalLayer.PhysicalOperator.getNext(PhysicalOperator.java:339)
	at org.apache.pig.backend.hadoop.executionengine.physicalLayer.relationalOperators.POForEach.processPlan(POForEach.java:378)
	at org.apache.pig.backend.hadoop.executionengine.physicalLayer.relationalOperators.POForEach.getNextTuple(POForEach.java:298)
	at org.apache.pig.backend.hadoop.executionengine.mapReduceLayer.PigGenericMapReduce$Reduce.runPipeline(PigGenericMapReduce.java:463)
	at org.apache.pig.backend.hadoop.executionengine.mapReduceLayer.PigGenericMapReduce$Reduce.processOnePackageOutput(PigGenericMapReduce.java:431)
	at org.apache.pig.backend.hadoop.executionengine.mapReduceLayer.PigGenericMapReduce$Reduce.reduce(PigGenericMapReduce.java:403)
	at org.apache.pig.backend.hadoop.executionengine.mapReduceLayer.PigGenericMapReduce$Reduce.reduce(PigGenericMapReduce.java:255)
	at org.apache.hadoop.mapreduce.Reducer.run(Reducer.java:171)
	at org.apache.hadoop.mapred.ReduceTask.runNewReducer(ReduceTask.java:645)
	at org.apache.hadoop.mapred.ReduceTask.run(ReduceTask.java:405)
	at org.apache.hadoop.mapred.YarnChild$2.run(YarnChild.java:162)
	at java.security.AccessController.doPrivileged(Native Method)
	at javax.security.auth.Subject.doAs(Subject.java:415)
	at org.apache.hadoop.security.UserGroupInformation.doAs(UserGroupInformation.java:1491)
	at org.apache.hadoop.mapred.YarnChild.main(YarnChild.java:157)
Caused by: java.lang.NullPointerException
	at org.apache.pig.impl.builtin.StreamingUDF.getControllerPath(StreamingUDF.java:269)
	at org.apache.pig.impl.builtin.StreamingUDF.constructCommand(StreamingUDF.java:200)
	at org.apache.pig.impl.builtin.StreamingUDF.startUdfController(StreamingUDF.java:164)
	at org.apache.pig.impl.builtin.StreamingUDF.initialize(StreamingUDF.java:157)
	at org.apache.pig.impl.builtin.StreamingUDF.exec(StreamingUDF.java:147)
	at org.apache.pig.backend.hadoop.executionengine.physicalLayer.expressionOperators.POUserFunc.getNext(POUserFunc.java:345)
	at org.apache.pig.backend.hadoop.executionengine.physicalLayer.expressionOperators.POUserFunc.getNextString(POUserFunc.java:445)
	at org.apache.pig.backend.hadoop.executionengine.physicalLayer.PhysicalOperator.getNext(PhysicalOperator.java:316)
================================================================================
