Pig Stack Trace
---------------
ERROR 1200: Pig script failed to parse: 
<line 3, column 90> Undefined alias: TRIPS

Failed to parse: Pig script failed to parse: 
<line 3, column 90> Undefined alias: TRIPS
	at org.apache.pig.parser.QueryParserDriver.parse(QueryParserDriver.java:196)
	at org.apache.pig.PigServer$Graph.validateQuery(PigServer.java:1684)
	at org.apache.pig.PigServer$Graph.registerQuery(PigServer.java:1657)
	at org.apache.pig.PigServer.registerQuery(PigServer.java:600)
	at org.apache.pig.tools.grunt.GruntParser.processPig(GruntParser.java:1069)
	at org.apache.pig.tools.pigscript.parser.PigScriptParser.parse(PigScriptParser.java:501)
	at org.apache.pig.tools.grunt.GruntParser.parseStopOnError(GruntParser.java:228)
	at org.apache.pig.tools.grunt.GruntParser.parseStopOnError(GruntParser.java:203)
	at org.apache.pig.tools.grunt.Grunt.run(Grunt.java:66)
	at org.apache.pig.Main.run(Main.java:542)
	at org.apache.pig.Main.main(Main.java:156)
	at sun.reflect.NativeMethodAccessorImpl.invoke0(Native Method)
	at sun.reflect.NativeMethodAccessorImpl.invoke(NativeMethodAccessorImpl.java:57)
	at sun.reflect.DelegatingMethodAccessorImpl.invoke(DelegatingMethodAccessorImpl.java:43)
	at java.lang.reflect.Method.invoke(Method.java:601)
	at org.apache.hadoop.util.RunJar.main(RunJar.java:212)
Caused by: 
<line 3, column 90> Undefined alias: TRIPS
	at org.apache.pig.parser.AstValidator.validateAliasRef(AstValidator.java:278)
	at org.apache.pig.parser.AstValidator.rel(AstValidator.java:6526)
	at org.apache.pig.parser.AstValidator.join_item(AstValidator.java:13387)
	at org.apache.pig.parser.AstValidator.join_sub_clause(AstValidator.java:13287)
	at org.apache.pig.parser.AstValidator.join_clause(AstValidator.java:12962)
	at org.apache.pig.parser.AstValidator.op_clause(AstValidator.java:1823)
	at org.apache.pig.parser.AstValidator.general_statement(AstValidator.java:1035)
	at org.apache.pig.parser.AstValidator.statement(AstValidator.java:499)
	at org.apache.pig.parser.AstValidator.query(AstValidator.java:373)
	at org.apache.pig.parser.QueryParserDriver.validateAst(QueryParserDriver.java:255)
	at org.apache.pig.parser.QueryParserDriver.parse(QueryParserDriver.java:183)
	... 15 more
================================================================================
Pig Stack Trace
---------------
ERROR 1025: 
<line 3, column 149> Invalid field projection. Projected field [payment_type] does not exist in schema: medallion:bytearray,hack_license:bytearray,vendor_id:bytearray,rate_code:bytearray,store_and_fwd_flag:bytearray,pickup_datetime:bytearray,dropoff_datetime:bytearray,passenger_count:bytearray,trip_time_in_secs:bytearray,trip_distance:bytearray,pickup_longitude:bytearray,pickup_latitude:bytearray,dropoff_longitude:bytearray,dropoff_latitude:bytearray.

org.apache.pig.impl.plan.PlanValidationException: ERROR 1025: 
<line 3, column 149> Invalid field projection. Projected field [payment_type] does not exist in schema: medallion:bytearray,hack_license:bytearray,vendor_id:bytearray,rate_code:bytearray,store_and_fwd_flag:bytearray,pickup_datetime:bytearray,dropoff_datetime:bytearray,passenger_count:bytearray,trip_time_in_secs:bytearray,trip_distance:bytearray,pickup_longitude:bytearray,pickup_latitude:bytearray,dropoff_longitude:bytearray,dropoff_latitude:bytearray.
	at org.apache.pig.newplan.logical.expression.ProjectExpression.findColNum(ProjectExpression.java:191)
	at org.apache.pig.newplan.logical.expression.ProjectExpression.setColumnNumberFromAlias(ProjectExpression.java:174)
	at org.apache.pig.newplan.logical.visitor.ColumnAliasConversionVisitor$1.visit(ColumnAliasConversionVisitor.java:53)
	at org.apache.pig.newplan.logical.expression.ProjectExpression.accept(ProjectExpression.java:215)
	at org.apache.pig.newplan.DependencyOrderWalker.walk(DependencyOrderWalker.java:75)
	at org.apache.pig.newplan.PlanVisitor.visit(PlanVisitor.java:52)
	at org.apache.pig.newplan.logical.optimizer.AllExpressionVisitor.visitAll(AllExpressionVisitor.java:72)
	at org.apache.pig.newplan.logical.optimizer.AllExpressionVisitor.visit(AllExpressionVisitor.java:95)
	at org.apache.pig.newplan.logical.relational.LOJoin.accept(LOJoin.java:172)
	at org.apache.pig.newplan.DependencyOrderWalker.walk(DependencyOrderWalker.java:75)
	at org.apache.pig.newplan.PlanVisitor.visit(PlanVisitor.java:52)
	at org.apache.pig.newplan.logical.relational.LogicalPlan.validate(LogicalPlan.java:173)
	at org.apache.pig.PigServer$Graph.validateQuery(PigServer.java:1685)
	at org.apache.pig.PigServer$Graph.registerQuery(PigServer.java:1657)
	at org.apache.pig.PigServer.registerQuery(PigServer.java:600)
	at org.apache.pig.tools.grunt.GruntParser.processPig(GruntParser.java:1069)
	at org.apache.pig.tools.pigscript.parser.PigScriptParser.parse(PigScriptParser.java:501)
	at org.apache.pig.tools.grunt.GruntParser.parseStopOnError(GruntParser.java:228)
	at org.apache.pig.tools.grunt.GruntParser.parseStopOnError(GruntParser.java:203)
	at org.apache.pig.tools.grunt.Grunt.run(Grunt.java:66)
	at org.apache.pig.Main.run(Main.java:542)
	at org.apache.pig.Main.main(Main.java:156)
	at sun.reflect.NativeMethodAccessorImpl.invoke0(Native Method)
	at sun.reflect.NativeMethodAccessorImpl.invoke(NativeMethodAccessorImpl.java:57)
	at sun.reflect.DelegatingMethodAccessorImpl.invoke(DelegatingMethodAccessorImpl.java:43)
	at java.lang.reflect.Method.invoke(Method.java:601)
	at org.apache.hadoop.util.RunJar.main(RunJar.java:212)
================================================================================
